ChatDemoUI3.0/build/outputs/logs/manifest-merger-debug-report.txt
-- Merging decision tree log ---
manifest
ADDED from superwechat-201607\ChatDemoUI3.0\AndroidManifest.xml:2:1-492:12
	package
		ADDED from superwechat-201607\ChatDemoUI3.0\AndroidManifest.xml:4:11-40
		INJECTED from superwechat-201607\ChatDemoUI3.0\AndroidManifest.xml
		INJECTED from superwechat-201607\ChatDemoUI3.0\AndroidManifest.xml
	android:versionName
		ADDED from superwechat-201607\ChatDemoUI3.0\AndroidManifest.xml:6:11-38
		INJECTED from superwechat-201607\ChatDemoUI3.0\AndroidManifest.xml
		INJECTED from superwechat-201607\ChatDemoUI3.0\AndroidManifest.xml
	xmlns:tools
		ADDED from superwechat-201607\ChatDemoUI3.0\AndroidManifest.xml:3:11-57
	android:versionCode
		ADDED from superwechat-201607\ChatDemoUI3.0\AndroidManifest.xml:5:11-35
		INJECTED from superwechat-201607\ChatDemoUI3.0\AndroidManifest.xml
		INJECTED from superwechat-201607\ChatDemoUI3.0\AndroidManifest.xml
	xmlns:android
		ADDED from superwechat-201607\ChatDemoUI3.0\AndroidManifest.xml:2:11-69
uses-sdk
ADDED from superwechat-201607\ChatDemoUI3.0\AndroidManifest.xml:8:5-11:58
MERGED from [com.android.support:multidex:1.0.1] AndroidManifest.xml:18:5-42
MERGED from [ChatDemoUI3.0:redpacketlibrary:unspecified] AndroidManifest.xml:7:5-9:41
MERGED from [ChatDemoUI3.0:EaseUI:unspecified] AndroidManifest.xml:7:5-9:41
MERGED from [com.jakewharton:butterknife:8.4.0] AndroidManifest.xml:5:5-43
MERGED from [ChatDemoUI3.0:ulive-android-sdk:unspecified] AndroidManifest.xml:7:5-9:41
MERGED from [com.android.support:appcompat-v7:23.4.0] AndroidManifest.xml:21:5-23:78
MERGED from [com.android.support:animated-vector-drawable:23.4.0] AndroidManifest.xml:5:5-44
MERGED from [com.android.support:support-vector-drawable:23.4.0] AndroidManifest.xml:5:5-43
MERGED from [com.android.support:support-v4:23.4.0] AndroidManifest.xml:20:5-43
MERGED from [com.android.support:preference-v7:23.4.0] AndroidManifest.xml:7:5-43
MERGED from [com.android.support:recyclerview-v7:23.4.0] AndroidManifest.xml:20:5-43
MERGED from [com.github.florent37:viewanimator:1.0.4] AndroidManifest.xml:8:5-10:41
MERGED from [com.android.support:design:23.4.0] AndroidManifest.xml:20:5-43
	tools:overrideLibrary
		ADDED from superwechat-201607\ChatDemoUI3.0\AndroidManifest.xml:11:9-56
	android:targetSdkVersion
		ADDED from superwechat-201607\ChatDemoUI3.0\AndroidManifest.xml:10:9-38
		INJECTED from superwechat-201607\ChatDemoUI3.0\AndroidManifest.xml
		INJECTED from superwechat-201607\ChatDemoUI3.0\AndroidManifest.xml
	android:minSdkVersion
		ADDED from superwechat-201607\ChatDemoUI3.0\AndroidManifest.xml:9:9-35
		INJECTED from superwechat-201607\ChatDemoUI3.0\AndroidManifest.xml
		INJECTED from superwechat-201607\ChatDemoUI3.0\AndroidManifest.xml
uses-permission#android.permission.VIBRATE
ADDED from superwechat-201607\ChatDemoUI3.0\AndroidManifest.xml:13:5-65
MERGED from [ChatDemoUI3.0:ulive-android-sdk:unspecified] AndroidManifest.xml:17:5-66
	android:name
		ADDED from superwechat-201607\ChatDemoUI3.0\AndroidManifest.xml:13:22-63
uses-permission#android.permission.INTERNET
ADDED from superwechat-201607\ChatDemoUI3.0\AndroidManifest.xml:14:5-66
MERGED from [ChatDemoUI3.0:ulive-android-sdk:unspecified] AndroidManifest.xml:11:5-67
	android:name
		ADDED from superwechat-201607\ChatDemoUI3.0\AndroidManifest.xml:14:22-64
uses-permission#android.permission.RECORD_AUDIO
ADDED from superwechat-201607\ChatDemoUI3.0\AndroidManifest.xml:15:5-70
MERGED from [ChatDemoUI3.0:ulive-android-sdk:unspecified] AndroidManifest.xml:20:5-71
	android:name
		ADDED from superwechat-201607\ChatDemoUI3.0\AndroidManifest.xml:15:22-68
uses-permission#android.permission.CAMERA
ADDED from superwechat-201607\ChatDemoUI3.0\AndroidManifest.xml:16:5-64
MERGED from [ChatDemoUI3.0:ulive-android-sdk:unspecified] AndroidManifest.xml:21:5-65
	android:name
		ADDED from superwechat-201607\ChatDemoUI3.0\AndroidManifest.xml:16:22-62
uses-permission#android.permission.ACCESS_NETWORK_STATE
ADDED from superwechat-201607\ChatDemoUI3.0\AndroidManifest.xml:17:5-78
MERGED from [ChatDemoUI3.0:ulive-android-sdk:unspecified] AndroidManifest.xml:15:5-79
	android:name
		ADDED from superwechat-201607\ChatDemoUI3.0\AndroidManifest.xml:17:22-76
uses-permission#android.permission.WRITE_EXTERNAL_STORAGE
ADDED from superwechat-201607\ChatDemoUI3.0\AndroidManifest.xml:18:5-80
MERGED from [ChatDemoUI3.0:ulive-android-sdk:unspecified] AndroidManifest.xml:12:5-81
	android:name
		ADDED from superwechat-201607\ChatDemoUI3.0\AndroidManifest.xml:18:22-78
uses-permission#android.permission.MOUNT_UNMOUNT_FILESYSTEMS
ADDED from superwechat-201607\ChatDemoUI3.0\AndroidManifest.xml:19:5-83
	android:name
		ADDED from superwechat-201607\ChatDemoUI3.0\AndroidManifest.xml:19:22-81
uses-permission#android.permission.ACCESS_FINE_LOCATION
ADDED from superwechat-201607\ChatDemoUI3.0\AndroidManifest.xml:20:5-78
	android:name
		ADDED from superwechat-201607\ChatDemoUI3.0\AndroidManifest.xml:20:22-76
uses-permission#android.permission.GET_TASKS
ADDED from superwechat-201607\ChatDemoUI3.0\AndroidManifest.xml:21:5-67
	android:name
		ADDED from superwechat-201607\ChatDemoUI3.0\AndroidManifest.xml:21:22-65
uses-permission#android.permission.ACCESS_WIFI_STATE
ADDED from superwechat-201607\ChatDemoUI3.0\AndroidManifest.xml:22:5-75
MERGED from [ChatDemoUI3.0:ulive-android-sdk:unspecified] AndroidManifest.xml:16:5-76
	android:name
		ADDED from superwechat-201607\ChatDemoUI3.0\AndroidManifest.xml:22:22-73
uses-permission#android.permission.CHANGE_WIFI_STATE
ADDED from superwechat-201607\ChatDemoUI3.0\AndroidManifest.xml:23:5-75
	android:name
		ADDED from superwechat-201607\ChatDemoUI3.0\AndroidManifest.xml:23:22-73
uses-permission#android.permission.WAKE_LOCK
ADDED from superwechat-201607\ChatDemoUI3.0\AndroidManifest.xml:24:5-67
MERGED from [ChatDemoUI3.0:ulive-android-sdk:unspecified] AndroidManifest.xml:13:5-68
	android:name
		ADDED from superwechat-201607\ChatDemoUI3.0\AndroidManifest.xml:24:22-65
uses-permission#android.permission.MODIFY_AUDIO_SETTINGS
ADDED from superwechat-201607\ChatDemoUI3.0\AndroidManifest.xml:25:5-79
	android:name
		ADDED from superwechat-201607\ChatDemoUI3.0\AndroidManifest.xml:25:22-77
uses-permission#android.permission.READ_PHONE_STATE
ADDED from superwechat-201607\ChatDemoUI3.0\AndroidManifest.xml:26:5-74
MERGED from [ChatDemoUI3.0:ulive-android-sdk:unspecified] AndroidManifest.xml:14:5-75
	android:name
		ADDED from superwechat-201607\ChatDemoUI3.0\AndroidManifest.xml:26:22-72
uses-permission#android.permission.RECEIVE_BOOT_COMPLETED
ADDED from superwechat-201607\ChatDemoUI3.0\AndroidManifest.xml:27:5-80
	android:name
		ADDED from superwechat-201607\ChatDemoUI3.0\AndroidManifest.xml:27:22-78
uses-permission#android.permission.USE_CREDENTIALS
ADDED from superwechat-201607\ChatDemoUI3.0\AndroidManifest.xml:28:5-73
	android:name
		ADDED from superwechat-201607\ChatDemoUI3.0\AndroidManifest.xml:28:22-71
uses-permission#com.android.launcher.permission.READ_SETTINGS
ADDED from superwechat-201607\ChatDemoUI3.0\AndroidManifest.xml:29:5-84
	android:name
		ADDED from superwechat-201607\ChatDemoUI3.0\AndroidManifest.xml:29:22-82
uses-permission#android.permission.BROADCAST_STICKY
ADDED from superwechat-201607\ChatDemoUI3.0\AndroidManifest.xml:30:5-74
	android:name
		ADDED from superwechat-201607\ChatDemoUI3.0\AndroidManifest.xml:30:22-72
uses-permission#android.permission.WRITE_SETTINGS
ADDED from superwechat-201607\ChatDemoUI3.0\AndroidManifest.xml:31:5-72
	android:name
		ADDED from superwechat-201607\ChatDemoUI3.0\AndroidManifest.xml:31:22-70
uses-permission#android.permission.REQUEST_IGNORE_BATTERY_OPTIMIZATIONS
ADDED from superwechat-201607\ChatDemoUI3.0\AndroidManifest.xml:32:5-94
	android:name
		ADDED from superwechat-201607\ChatDemoUI3.0\AndroidManifest.xml:32:22-92
uses-permission#com.google.android.c2dm.permission.RECEIVE
ADDED from superwechat-201607\ChatDemoUI3.0\AndroidManifest.xml:35:5-81
	android:name
		ADDED from superwechat-201607\ChatDemoUI3.0\AndroidManifest.xml:35:22-79
permission#cn.ucai.superwechat.permission.C2D_MESSAGE
ADDED from superwechat-201607\ChatDemoUI3.0\AndroidManifest.xml:37:5-39:46
	android:protectionLevel
		ADDED from superwechat-201607\ChatDemoUI3.0\AndroidManifest.xml:39:9-44
	android:name
		ADDED from superwechat-201607\ChatDemoUI3.0\AndroidManifest.xml:38:9-66
uses-permission#cn.ucai.superwechat.permission.C2D_MESSAGE
ADDED from superwechat-201607\ChatDemoUI3.0\AndroidManifest.xml:41:5-81
	android:name
		ADDED from superwechat-201607\ChatDemoUI3.0\AndroidManifest.xml:41:22-79
permission#cn.ucai.superwechat.permission.MIPUSH_RECEIVE
ADDED from superwechat-201607\ChatDemoUI3.0\AndroidManifest.xml:43:5-45:46
	android:protectionLevel
		ADDED from superwechat-201607\ChatDemoUI3.0\AndroidManifest.xml:45:9-44
	android:name
		ADDED from superwechat-201607\ChatDemoUI3.0\AndroidManifest.xml:44:9-69
uses-permission#cn.ucai.superwechat.permission.MIPUSH_RECEIVE
ADDED from superwechat-201607\ChatDemoUI3.0\AndroidManifest.xml:47:5-84
	android:name
		ADDED from superwechat-201607\ChatDemoUI3.0\AndroidManifest.xml:47:22-82
android:uses-permission#android.permission.READ_EXTERNAL_STORAGE
ADDED from superwechat-201607\ChatDemoUI3.0\AndroidManifest.xml:49:5-87
	android:name
		ADDED from superwechat-201607\ChatDemoUI3.0\AndroidManifest.xml:49:30-85
application
ADDED from superwechat-201607\ChatDemoUI3.0\AndroidManifest.xml:51:5-490:19
MERGED from [com.android.support:appcompat-v7:23.4.0] AndroidManifest.xml:25:5-20
MERGED from [com.android.support:animated-vector-drawable:23.4.0] AndroidManifest.xml:7:5-20
MERGED from [com.android.support:support-vector-drawable:23.4.0] AndroidManifest.xml:7:5-20
MERGED from [com.android.support:support-v4:23.4.0] AndroidManifest.xml:22:5-20
MERGED from [com.android.support:preference-v7:23.4.0] AndroidManifest.xml:9:5-20
MERGED from [com.android.support:design:23.4.0] AndroidManifest.xml:22:5-20
	android:label
		ADDED from superwechat-201607\ChatDemoUI3.0\AndroidManifest.xml:55:9-41
	android:allowBackup
		ADDED from superwechat-201607\ChatDemoUI3.0\AndroidManifest.xml:53:9-35
	android:icon
		ADDED from superwechat-201607\ChatDemoUI3.0\AndroidManifest.xml:54:9-43
	android:theme
		ADDED from superwechat-201607\ChatDemoUI3.0\AndroidManifest.xml:56:9-40
	android:name
		ADDED from superwechat-201607\ChatDemoUI3.0\AndroidManifest.xml:52:9-47
activity#cn.ucai.superwechat.ui.MainActivity
ADDED from superwechat-201607\ChatDemoUI3.0\AndroidManifest.xml:57:9-62:54
	android:screenOrientation
		ADDED from superwechat-201607\ChatDemoUI3.0\AndroidManifest.xml:60:13-49
	android:launchMode
		ADDED from superwechat-201607\ChatDemoUI3.0\AndroidManifest.xml:59:13-44
	android:windowSoftInputMode
		ADDED from superwechat-201607\ChatDemoUI3.0\AndroidManifest.xml:62:13-52
	android:theme
		ADDED from superwechat-201607\ChatDemoUI3.0\AndroidManifest.xml:61:13-52
	android:name
		ADDED from superwechat-201607\ChatDemoUI3.0\AndroidManifest.xml:58:13-44
activity#cn.ucai.superwechat.ui.SplashActivity
ADDED from superwechat-201607\ChatDemoUI3.0\AndroidManifest.xml:65:9-74:20
	android:screenOrientation
		ADDED from superwechat-201607\ChatDemoUI3.0\AndroidManifest.xml:67:13-49
	android:theme
		ADDED from superwechat-201607\ChatDemoUI3.0\AndroidManifest.xml:68:13-52
	android:name
		ADDED from superwechat-201607\ChatDemoUI3.0\AndroidManifest.xml:66:13-46
intent-filter#android.intent.action.MAIN+android.intent.category.LAUNCHER
ADDED from superwechat-201607\ChatDemoUI3.0\AndroidManifest.xml:69:13-73:29
action#android.intent.action.MAIN
ADDED from superwechat-201607\ChatDemoUI3.0\AndroidManifest.xml:70:17-68
	android:name
		ADDED from superwechat-201607\ChatDemoUI3.0\AndroidManifest.xml:70:25-66
category#android.intent.category.LAUNCHER
ADDED from superwechat-201607\ChatDemoUI3.0\AndroidManifest.xml:72:17-76
	android:name
		ADDED from superwechat-201607\ChatDemoUI3.0\AndroidManifest.xml:72:27-74
activity#cn.ucai.superwechat.ui.LoginActivity
ADDED from superwechat-201607\ChatDemoUI3.0\AndroidManifest.xml:77:9-81:70
	android:screenOrientation
		ADDED from superwechat-201607\ChatDemoUI3.0\AndroidManifest.xml:79:13-49
	android:windowSoftInputMode
		ADDED from superwechat-201607\ChatDemoUI3.0\AndroidManifest.xml:81:13-68
	android:theme
		ADDED from superwechat-201607\ChatDemoUI3.0\AndroidManifest.xml:80:13-52
	android:name
		ADDED from superwechat-201607\ChatDemoUI3.0\AndroidManifest.xml:78:13-45
activity#cn.ucai.superwechat.ui.RegisterActivity
ADDED from superwechat-201607\ChatDemoUI3.0\AndroidManifest.xml:84:9-88:70
	android:screenOrientation
		ADDED from superwechat-201607\ChatDemoUI3.0\AndroidManifest.xml:86:13-49
	android:windowSoftInputMode
		ADDED from superwechat-201607\ChatDemoUI3.0\AndroidManifest.xml:88:13-68
	android:theme
		ADDED from superwechat-201607\ChatDemoUI3.0\AndroidManifest.xml:87:13-52
	android:name
		ADDED from superwechat-201607\ChatDemoUI3.0\AndroidManifest.xml:85:13-48
activity#cn.ucai.superwechat.ui.ChatActivity
ADDED from superwechat-201607\ChatDemoUI3.0\AndroidManifest.xml:90:9-95:57
	android:screenOrientation
		ADDED from superwechat-201607\ChatDemoUI3.0\AndroidManifest.xml:93:13-49
	android:launchMode
		ADDED from superwechat-201607\ChatDemoUI3.0\AndroidManifest.xml:92:13-44
	android:windowSoftInputMode
		ADDED from superwechat-201607\ChatDemoUI3.0\AndroidManifest.xml:95:13-55
	android:theme
		ADDED from superwechat-201607\ChatDemoUI3.0\AndroidManifest.xml:94:13-52
	android:name
		ADDED from superwechat-201607\ChatDemoUI3.0\AndroidManifest.xml:91:13-44
activity#cn.ucai.superwechat.ui.AddContactActivity
ADDED from superwechat-201607\ChatDemoUI3.0\AndroidManifest.xml:97:9-101:57
	android:screenOrientation
		ADDED from superwechat-201607\ChatDemoUI3.0\AndroidManifest.xml:99:13-49
	android:windowSoftInputMode
		ADDED from superwechat-201607\ChatDemoUI3.0\AndroidManifest.xml:101:13-55
	android:theme
		ADDED from superwechat-201607\ChatDemoUI3.0\AndroidManifest.xml:100:13-52
	android:name
		ADDED from superwechat-201607\ChatDemoUI3.0\AndroidManifest.xml:98:13-50
activity#cn.ucai.superwechat.ui.AddFriendActivity
ADDED from superwechat-201607\ChatDemoUI3.0\AndroidManifest.xml:102:9-106:57
	android:screenOrientation
		ADDED from superwechat-201607\ChatDemoUI3.0\AndroidManifest.xml:104:13-49
	android:windowSoftInputMode
		ADDED from superwechat-201607\ChatDemoUI3.0\AndroidManifest.xml:106:13-55
	android:theme
		ADDED from superwechat-201607\ChatDemoUI3.0\AndroidManifest.xml:105:13-52
	android:name
		ADDED from superwechat-201607\ChatDemoUI3.0\AndroidManifest.xml:103:13-49
activity#cn.ucai.superwechat.ui.FriendProfileActivity
ADDED from superwechat-201607\ChatDemoUI3.0\AndroidManifest.xml:107:9-110:54
	android:screenOrientation
		ADDED from superwechat-201607\ChatDemoUI3.0\AndroidManifest.xml:109:13-49
	android:theme
		ADDED from superwechat-201607\ChatDemoUI3.0\AndroidManifest.xml:110:13-52
	android:name
		ADDED from superwechat-201607\ChatDemoUI3.0\AndroidManifest.xml:108:13-53
activity#cn.ucai.superwechat.ui.GroupDetailsActivity
ADDED from superwechat-201607\ChatDemoUI3.0\AndroidManifest.xml:112:9-115:54
	android:screenOrientation
		ADDED from superwechat-201607\ChatDemoUI3.0\AndroidManifest.xml:114:13-49
	android:theme
		ADDED from superwechat-201607\ChatDemoUI3.0\AndroidManifest.xml:115:13-52
	android:name
		ADDED from superwechat-201607\ChatDemoUI3.0\AndroidManifest.xml:113:13-52
activity#cn.ucai.superwechat.ui.GroupsActivity
ADDED from superwechat-201607\ChatDemoUI3.0\AndroidManifest.xml:117:9-121:54
	android:screenOrientation
		ADDED from superwechat-201607\ChatDemoUI3.0\AndroidManifest.xml:119:13-49
	android:windowSoftInputMode
		ADDED from superwechat-201607\ChatDemoUI3.0\AndroidManifest.xml:121:13-52
	android:theme
		ADDED from superwechat-201607\ChatDemoUI3.0\AndroidManifest.xml:120:13-52
	android:name
		ADDED from superwechat-201607\ChatDemoUI3.0\AndroidManifest.xml:118:13-46
activity#cn.ucai.superwechat.ui.ChatRoomDetailsActivity
ADDED from superwechat-201607\ChatDemoUI3.0\AndroidManifest.xml:124:9-127:54
	android:screenOrientation
		ADDED from superwechat-201607\ChatDemoUI3.0\AndroidManifest.xml:126:13-49
	android:theme
		ADDED from superwechat-201607\ChatDemoUI3.0\AndroidManifest.xml:127:13-52
	android:name
		ADDED from superwechat-201607\ChatDemoUI3.0\AndroidManifest.xml:125:13-55
activity#cn.ucai.superwechat.ui.NewGroupActivity
ADDED from superwechat-201607\ChatDemoUI3.0\AndroidManifest.xml:130:9-134:54
	android:screenOrientation
		ADDED from superwechat-201607\ChatDemoUI3.0\AndroidManifest.xml:132:13-49
	android:windowSoftInputMode
		ADDED from superwechat-201607\ChatDemoUI3.0\AndroidManifest.xml:134:13-52
	android:theme
		ADDED from superwechat-201607\ChatDemoUI3.0\AndroidManifest.xml:133:13-52
	android:name
		ADDED from superwechat-201607\ChatDemoUI3.0\AndroidManifest.xml:131:13-48
activity#cn.ucai.superwechat.ui.ExitGroupDialog
ADDED from superwechat-201607\ChatDemoUI3.0\AndroidManifest.xml:136:9-139:57
	android:screenOrientation
		ADDED from superwechat-201607\ChatDemoUI3.0\AndroidManifest.xml:138:13-49
	android:theme
		ADDED from superwechat-201607\ChatDemoUI3.0\AndroidManifest.xml:139:13-55
	android:name
		ADDED from superwechat-201607\ChatDemoUI3.0\AndroidManifest.xml:137:13-47
activity#cn.ucai.superwechat.ui.GroupPickContactsActivity
ADDED from superwechat-201607\ChatDemoUI3.0\AndroidManifest.xml:141:9-145:54
	android:screenOrientation
		ADDED from superwechat-201607\ChatDemoUI3.0\AndroidManifest.xml:143:13-49
	android:windowSoftInputMode
		ADDED from superwechat-201607\ChatDemoUI3.0\AndroidManifest.xml:145:13-52
	android:theme
		ADDED from superwechat-201607\ChatDemoUI3.0\AndroidManifest.xml:144:13-52
	android:name
		ADDED from superwechat-201607\ChatDemoUI3.0\AndroidManifest.xml:142:13-57
activity#cn.ucai.superwechat.ui.PickAtUserActivity
ADDED from superwechat-201607\ChatDemoUI3.0\AndroidManifest.xml:146:9-149:54
	android:screenOrientation
		ADDED from superwechat-201607\ChatDemoUI3.0\AndroidManifest.xml:148:13-49
	android:theme
		ADDED from superwechat-201607\ChatDemoUI3.0\AndroidManifest.xml:149:13-52
	android:name
		ADDED from superwechat-201607\ChatDemoUI3.0\AndroidManifest.xml:147:13-50
activity#com.hyphenate.easeui.ui.EaseBaiduMapActivity
ADDED from superwechat-201607\ChatDemoUI3.0\AndroidManifest.xml:151:9-154:54
	android:screenOrientation
		ADDED from superwechat-201607\ChatDemoUI3.0\AndroidManifest.xml:153:13-49
	android:theme
		ADDED from superwechat-201607\ChatDemoUI3.0\AndroidManifest.xml:154:13-52
	android:name
		ADDED from superwechat-201607\ChatDemoUI3.0\AndroidManifest.xml:152:13-72
activity#cn.ucai.superwechat.ui.NewFriendsMsgActivity
ADDED from superwechat-201607\ChatDemoUI3.0\AndroidManifest.xml:157:9-160:54
	android:screenOrientation
		ADDED from superwechat-201607\ChatDemoUI3.0\AndroidManifest.xml:159:13-49
	android:theme
		ADDED from superwechat-201607\ChatDemoUI3.0\AndroidManifest.xml:160:13-52
	android:name
		ADDED from superwechat-201607\ChatDemoUI3.0\AndroidManifest.xml:158:13-53
activity#cn.ucai.superwechat.ui.ForwardMessageActivity
ADDED from superwechat-201607\ChatDemoUI3.0\AndroidManifest.xml:162:9-166:54
	android:screenOrientation
		ADDED from superwechat-201607\ChatDemoUI3.0\AndroidManifest.xml:164:13-49
	android:windowSoftInputMode
		ADDED from superwechat-201607\ChatDemoUI3.0\AndroidManifest.xml:166:13-52
	android:theme
		ADDED from superwechat-201607\ChatDemoUI3.0\AndroidManifest.xml:165:13-52
	android:name
		ADDED from superwechat-201607\ChatDemoUI3.0\AndroidManifest.xml:163:13-54
activity#cn.ucai.superwechat.ui.ContextMenuActivity
ADDED from superwechat-201607\ChatDemoUI3.0\AndroidManifest.xml:168:9-171:51
	android:screenOrientation
		ADDED from superwechat-201607\ChatDemoUI3.0\AndroidManifest.xml:170:13-49
	android:theme
		ADDED from superwechat-201607\ChatDemoUI3.0\AndroidManifest.xml:171:13-49
	android:name
		ADDED from superwechat-201607\ChatDemoUI3.0\AndroidManifest.xml:169:13-51
activity#com.hyphenate.easeui.ui.EaseShowBigImageActivity
ADDED from superwechat-201607\ChatDemoUI3.0\AndroidManifest.xml:173:9-176:54
	android:screenOrientation
		ADDED from superwechat-201607\ChatDemoUI3.0\AndroidManifest.xml:175:13-49
	android:theme
		ADDED from superwechat-201607\ChatDemoUI3.0\AndroidManifest.xml:176:13-52
	android:name
		ADDED from superwechat-201607\ChatDemoUI3.0\AndroidManifest.xml:174:13-76
activity#com.hyphenate.easeui.ui.EaseShowNormalFileActivity
ADDED from superwechat-201607\ChatDemoUI3.0\AndroidManifest.xml:178:9-181:54
	android:screenOrientation
		ADDED from superwechat-201607\ChatDemoUI3.0\AndroidManifest.xml:180:13-49
	android:theme
		ADDED from superwechat-201607\ChatDemoUI3.0\AndroidManifest.xml:181:13-52
	android:name
		ADDED from superwechat-201607\ChatDemoUI3.0\AndroidManifest.xml:179:13-78
activity#cn.ucai.superwechat.ui.BlacklistActivity
ADDED from superwechat-201607\ChatDemoUI3.0\AndroidManifest.xml:183:9-186:54
	android:screenOrientation
		ADDED from superwechat-201607\ChatDemoUI3.0\AndroidManifest.xml:185:13-49
	android:theme
		ADDED from superwechat-201607\ChatDemoUI3.0\AndroidManifest.xml:186:13-52
	android:name
		ADDED from superwechat-201607\ChatDemoUI3.0\AndroidManifest.xml:184:13-49
activity#cn.ucai.superwechat.ui.PublicGroupsActivity
ADDED from superwechat-201607\ChatDemoUI3.0\AndroidManifest.xml:189:9-193:54
	android:screenOrientation
		ADDED from superwechat-201607\ChatDemoUI3.0\AndroidManifest.xml:191:13-49
	android:windowSoftInputMode
		ADDED from superwechat-201607\ChatDemoUI3.0\AndroidManifest.xml:193:13-52
	android:theme
		ADDED from superwechat-201607\ChatDemoUI3.0\AndroidManifest.xml:192:13-52
	android:name
		ADDED from superwechat-201607\ChatDemoUI3.0\AndroidManifest.xml:190:13-52
activity#cn.ucai.superwechat.ui.PublicChatRoomsActivity
ADDED from superwechat-201607\ChatDemoUI3.0\AndroidManifest.xml:194:9-198:54
	android:screenOrientation
		ADDED from superwechat-201607\ChatDemoUI3.0\AndroidManifest.xml:196:13-49
	android:windowSoftInputMode
		ADDED from superwechat-201607\ChatDemoUI3.0\AndroidManifest.xml:198:13-52
	android:theme
		ADDED from superwechat-201607\ChatDemoUI3.0\AndroidManifest.xml:197:13-52
	android:name
		ADDED from superwechat-201607\ChatDemoUI3.0\AndroidManifest.xml:195:13-55
activity#cn.ucai.superwechat.ui.VoiceCallActivity
ADDED from superwechat-201607\ChatDemoUI3.0\AndroidManifest.xml:201:9-205:50
	android:screenOrientation
		ADDED from superwechat-201607\ChatDemoUI3.0\AndroidManifest.xml:204:13-49
	android:launchMode
		ADDED from superwechat-201607\ChatDemoUI3.0\AndroidManifest.xml:203:13-44
	android:theme
		ADDED from superwechat-201607\ChatDemoUI3.0\AndroidManifest.xml:205:13-48
	android:name
		ADDED from superwechat-201607\ChatDemoUI3.0\AndroidManifest.xml:202:13-49
activity#cn.ucai.superwechat.ui.VideoCallActivity
ADDED from superwechat-201607\ChatDemoUI3.0\AndroidManifest.xml:207:9-212:54
	android:screenOrientation
		ADDED from superwechat-201607\ChatDemoUI3.0\AndroidManifest.xml:211:13-49
	android:launchMode
		ADDED from superwechat-201607\ChatDemoUI3.0\AndroidManifest.xml:210:13-44
	android:configChanges
		ADDED from superwechat-201607\ChatDemoUI3.0\AndroidManifest.xml:209:13-74
	android:theme
		ADDED from superwechat-201607\ChatDemoUI3.0\AndroidManifest.xml:212:13-52
	android:name
		ADDED from superwechat-201607\ChatDemoUI3.0\AndroidManifest.xml:208:13-49
activity#cn.ucai.superwechat.ui.GroupSimpleDetailActivity
ADDED from superwechat-201607\ChatDemoUI3.0\AndroidManifest.xml:214:9-217:54
	android:screenOrientation
		ADDED from superwechat-201607\ChatDemoUI3.0\AndroidManifest.xml:216:13-49
	android:theme
		ADDED from superwechat-201607\ChatDemoUI3.0\AndroidManifest.xml:217:13-52
	android:name
		ADDED from superwechat-201607\ChatDemoUI3.0\AndroidManifest.xml:215:13-57
activity#cn.ucai.superwechat.ui.GroupBlacklistActivity
ADDED from superwechat-201607\ChatDemoUI3.0\AndroidManifest.xml:219:9-222:54
	android:screenOrientation
		ADDED from superwechat-201607\ChatDemoUI3.0\AndroidManifest.xml:221:13-49
	android:theme
		ADDED from superwechat-201607\ChatDemoUI3.0\AndroidManifest.xml:222:13-52
	android:name
		ADDED from superwechat-201607\ChatDemoUI3.0\AndroidManifest.xml:220:13-54
activity#cn.ucai.superwechat.ui.GroupSearchMessageActivity
ADDED from superwechat-201607\ChatDemoUI3.0\AndroidManifest.xml:223:9-227:57
	android:screenOrientation
		ADDED from superwechat-201607\ChatDemoUI3.0\AndroidManifest.xml:225:13-49
	android:windowSoftInputMode
		ADDED from superwechat-201607\ChatDemoUI3.0\AndroidManifest.xml:227:13-55
	android:theme
		ADDED from superwechat-201607\ChatDemoUI3.0\AndroidManifest.xml:226:13-52
	android:name
		ADDED from superwechat-201607\ChatDemoUI3.0\AndroidManifest.xml:224:13-58
activity#cn.ucai.superwechat.ui.PublicGroupsSeachActivity
ADDED from superwechat-201607\ChatDemoUI3.0\AndroidManifest.xml:228:9-231:54
	android:screenOrientation
		ADDED from superwechat-201607\ChatDemoUI3.0\AndroidManifest.xml:230:13-49
	android:theme
		ADDED from superwechat-201607\ChatDemoUI3.0\AndroidManifest.xml:231:13-52
	android:name
		ADDED from superwechat-201607\ChatDemoUI3.0\AndroidManifest.xml:229:13-57
activity#cn.ucai.superwechat.ui.EditActivity
ADDED from superwechat-201607\ChatDemoUI3.0\AndroidManifest.xml:232:9-236:57
	android:screenOrientation
		ADDED from superwechat-201607\ChatDemoUI3.0\AndroidManifest.xml:234:13-49
	android:windowSoftInputMode
		ADDED from superwechat-201607\ChatDemoUI3.0\AndroidManifest.xml:236:13-55
	android:theme
		ADDED from superwechat-201607\ChatDemoUI3.0\AndroidManifest.xml:235:13-52
	android:name
		ADDED from superwechat-201607\ChatDemoUI3.0\AndroidManifest.xml:233:13-44
activity#com.hyphenate.easeui.ui.EaseShowVideoActivity
ADDED from superwechat-201607\ChatDemoUI3.0\AndroidManifest.xml:237:9-241:62
	android:screenOrientation
		ADDED from superwechat-201607\ChatDemoUI3.0\AndroidManifest.xml:239:13-49
	android:windowSoftInputMode
		ADDED from superwechat-201607\ChatDemoUI3.0\AndroidManifest.xml:241:13-60
	android:theme
		ADDED from superwechat-201607\ChatDemoUI3.0\AndroidManifest.xml:240:13-52
	android:name
		ADDED from superwechat-201607\ChatDemoUI3.0\AndroidManifest.xml:238:13-73
activity#cn.ucai.superwechat.ui.ImageGridActivity
ADDED from superwechat-201607\ChatDemoUI3.0\AndroidManifest.xml:243:9-247:62
	android:screenOrientation
		ADDED from superwechat-201607\ChatDemoUI3.0\AndroidManifest.xml:245:13-49
	android:windowSoftInputMode
		ADDED from superwechat-201607\ChatDemoUI3.0\AndroidManifest.xml:247:13-60
	android:theme
		ADDED from superwechat-201607\ChatDemoUI3.0\AndroidManifest.xml:246:13-52
	android:name
		ADDED from superwechat-201607\ChatDemoUI3.0\AndroidManifest.xml:244:13-49
activity#cn.ucai.superwechat.ui.RecorderVideoActivity
ADDED from superwechat-201607\ChatDemoUI3.0\AndroidManifest.xml:248:9-252:62
	android:screenOrientation
		ADDED from superwechat-201607\ChatDemoUI3.0\AndroidManifest.xml:250:13-49
	android:windowSoftInputMode
		ADDED from superwechat-201607\ChatDemoUI3.0\AndroidManifest.xml:252:13-60
	android:theme
		ADDED from superwechat-201607\ChatDemoUI3.0\AndroidManifest.xml:251:13-52
	android:name
		ADDED from superwechat-201607\ChatDemoUI3.0\AndroidManifest.xml:249:13-53
activity#cn.ucai.superwechat.ui.DiagnoseActivity
ADDED from superwechat-201607\ChatDemoUI3.0\AndroidManifest.xml:254:9-258:62
	android:screenOrientation
		ADDED from superwechat-201607\ChatDemoUI3.0\AndroidManifest.xml:256:13-49
	android:windowSoftInputMode
		ADDED from superwechat-201607\ChatDemoUI3.0\AndroidManifest.xml:258:13-60
	android:theme
		ADDED from superwechat-201607\ChatDemoUI3.0\AndroidManifest.xml:257:13-52
	android:name
		ADDED from superwechat-201607\ChatDemoUI3.0\AndroidManifest.xml:255:13-48
activity#cn.ucai.superwechat.ui.OfflinePushNickActivity
ADDED from superwechat-201607\ChatDemoUI3.0\AndroidManifest.xml:261:9-265:62
	android:screenOrientation
		ADDED from superwechat-201607\ChatDemoUI3.0\AndroidManifest.xml:263:13-49
	android:windowSoftInputMode
		ADDED from superwechat-201607\ChatDemoUI3.0\AndroidManifest.xml:265:13-60
	android:theme
		ADDED from superwechat-201607\ChatDemoUI3.0\AndroidManifest.xml:264:13-52
	android:name
		ADDED from superwechat-201607\ChatDemoUI3.0\AndroidManifest.xml:262:13-55
activity#cn.ucai.superwechat.ui.RobotsActivity
ADDED from superwechat-201607\ChatDemoUI3.0\AndroidManifest.xml:267:9-271:62
	android:screenOrientation
		ADDED from superwechat-201607\ChatDemoUI3.0\AndroidManifest.xml:269:13-49
	android:windowSoftInputMode
		ADDED from superwechat-201607\ChatDemoUI3.0\AndroidManifest.xml:271:13-60
	android:theme
		ADDED from superwechat-201607\ChatDemoUI3.0\AndroidManifest.xml:270:13-52
	android:name
		ADDED from superwechat-201607\ChatDemoUI3.0\AndroidManifest.xml:268:13-46
activity#cn.ucai.superwechat.ui.UserProfileActivity
ADDED from superwechat-201607\ChatDemoUI3.0\AndroidManifest.xml:273:9-276:54
	android:screenOrientation
		ADDED from superwechat-201607\ChatDemoUI3.0\AndroidManifest.xml:275:13-49
	android:theme
		ADDED from superwechat-201607\ChatDemoUI3.0\AndroidManifest.xml:276:13-52
	android:name
		ADDED from superwechat-201607\ChatDemoUI3.0\AndroidManifest.xml:274:13-51
activity#cn.ucai.superwechat.ui.SetServersActivity
ADDED from superwechat-201607\ChatDemoUI3.0\AndroidManifest.xml:277:9-280:54
	android:screenOrientation
		ADDED from superwechat-201607\ChatDemoUI3.0\AndroidManifest.xml:279:13-49
	android:theme
		ADDED from superwechat-201607\ChatDemoUI3.0\AndroidManifest.xml:280:13-52
	android:name
		ADDED from superwechat-201607\ChatDemoUI3.0\AndroidManifest.xml:278:13-50
activity#cn.ucai.superwechat.ui.SettingsActivity
ADDED from superwechat-201607\ChatDemoUI3.0\AndroidManifest.xml:281:9-284:54
	android:screenOrientation
		ADDED from superwechat-201607\ChatDemoUI3.0\AndroidManifest.xml:283:13-49
	android:theme
		ADDED from superwechat-201607\ChatDemoUI3.0\AndroidManifest.xml:284:13-52
	android:name
		ADDED from superwechat-201607\ChatDemoUI3.0\AndroidManifest.xml:282:13-48